<?xml version="1.0" encoding="UTF-8"?>
<!-- Generated by org.testng.reporters.JUnitReportReporter -->
<testsuite hostname="LAPTOP-PLUC8CR4" failures="0" tests="2" name="Basics.day1" time="0.011" errors="0" timestamp="2021-09-08T21:09:31 IST" skipped="0">
  <testcase classname="Basics.day1" name="Demo" time="0.010"/>
  <system-out/>
  <testcase classname="Basics.day1" name="SecondTest" time="0.001"/>
  <system-out/>
</testsuite> <!-- Basics.day1 -->
