<?xml version="1.0" encoding="UTF-8"?>
<!-- Generated by org.testng.reporters.JUnitReportReporter -->
<testsuite hostname="LAPTOP-PLUC8CR4" failures="0" tests="3" name="Basics.day4" time="0.006" errors="0" timestamp="2021-09-09T19:25:11 IST" skipped="1">
  <testcase classname="Basics.day4" name="Homeapilogin" time="0.005"/>
  <system-out/>
  <testcase classname="Basics.day4" name="Homelogin" time="0.001"/>
  <system-out/>
  <testcase classname="Basics.day4" name="Homemobilelogin">
    <skipped/>
  </testcase> <!-- Homemobilelogin -->
  <system-out/>
</testsuite> <!-- Basics.day4 -->
