<?xml version="1.0" encoding="UTF-8"?>
<!-- Generated by org.testng.reporters.JUnitReportReporter -->
<testsuite hostname="LAPTOP-PLUC8CR4" failures="0" tests="4" name="Basics.day3" time="0.008" errors="0" timestamp="2021-09-09T19:25:11 IST" skipped="0">
  <testcase classname="Basics.day3" name="Carapilogin" time="0.003"/>
  <system-out/>
  <testcase classname="Basics.day3" name="Carapilogin" time="0.001"/>
  <system-out/>
  <testcase classname="Basics.day3" name="Carapilogin" time="0.001"/>
  <system-out/>
  <testcase classname="Basics.day3" name="Carweblogin" time="0.003"/>
  <system-out/>
</testsuite> <!-- Basics.day3 -->
