<?xml version="1.0" encoding="UTF-8"?>
<!-- Generated by org.testng.reporters.JUnitReportReporter -->
<testsuite hostname="LAPTOP-PLUC8CR4" failures="0" tests="1" name="Basics.day2" time="0.003" errors="0" timestamp="2021-09-09T21:21:48 IST" skipped="0">
  <testcase classname="Basics.day2" name="Demo" time="0.003"/>
  <system-out/>
</testsuite> <!-- Basics.day2 -->
